2026-02-28 17:28:46,189 - aqt.main - INFO - installer 3728 aqtinstall(aqt) v3.3.0 on Python 3.14.2 [CPython MSC v.1944 64 bit (AMD64)]
2026-02-28 17:28:46,189 - aqt.helper - DEBUG - helper 3728 Attempt to download checksum at https://download.qt.io/online/qtsdkrepository/windows_x86/desktop/qt6_683/qt6_683/Updates.xml.sha256
2026-02-28 17:28:48,768 - aqt.helper - DEBUG - helper 3728 Attempt to download checksum at https://download.qt.io/online/qtsdkrepository/windows_x86/extensions/qtwebengine/683/msvc2022_64/Updates.xml.sha256
2026-02-28 17:28:50,676 - aqt.archives - INFO - archives 3728 Found extension qtwebengine
2026-02-28 17:28:50,678 - aqt.helper - DEBUG - helper 3728 Attempt to download checksum at https://download.qt.io/online/qtsdkrepository/windows_x86/extensions/qtpdf/683/msvc2022_64/Updates.xml.sha256
2026-02-28 17:28:52,651 - aqt.archives - INFO - archives 3728 Found extension qtpdf
2026-02-28 17:28:53,326 - aqt.helper - DEBUG - helper 15748 Attempt to download checksum at https://download.qt.io/online/qtsdkrepository/windows_x86/desktop/qt6_683/qt6_683/qt.qt6.683.win64_msvc2022_64/6.8.3-0-202503201308qtbase-Windows-Windows_11_23H2-MSVC2022-Windows-Windows_11_23H2-X86_64.7z.sha256
2026-02-28 17:28:53,334 - aqt.helper - DEBUG - helper 14592 Attempt to download checksum at https://download.qt.io/online/qtsdkrepository/windows_x86/desktop/qt6_683/qt6_683/qt.qt6.683.win64_msvc2022_64/6.8.3-0-202503201308qtsvg-Windows-Windows_11_23H2-MSVC2022-Windows-Windows_11_23H2-X86_64.7z.sha256
2026-02-28 17:28:53,334 - aqt.helper - DEBUG - helper 25944 Attempt to download checksum at https://download.qt.io/online/qtsdkrepository/windows_x86/desktop/qt6_683/qt6_683/qt.qt6.683.win64_msvc2022_64/6.8.3-0-202503201308qtdeclarative-Windows-Windows_11_23H2-MSVC2022-Windows-Windows_11_23H2-X86_64.7z.sha256
2026-02-28 17:28:53,338 - aqt.helper - DEBUG - helper 20804 Attempt to download checksum at https://download.qt.io/online/qtsdkrepository/windows_x86/desktop/qt6_683/qt6_683/qt.qt6.683.win64_msvc2022_64/6.8.3-0-202503201308qttools-Windows-Windows_11_23H2-MSVC2022-Windows-Windows_11_23H2-X86_64.7z.sha256
2026-02-28 17:28:54,592 - aqt.helper - INFO - helper 14592 Downloading qtsvg...
2026-02-28 17:28:54,592 - aqt.helper - INFO - helper 15748 Downloading qtbase...
2026-02-28 17:28:54,592 - aqt.helper - INFO - helper 20804 Downloading qttools...
2026-02-28 17:28:54,592 - aqt.helper - INFO - helper 25944 Downloading qtdeclarative...
2026-02-28 17:28:54,592 - aqt.installer - DEBUG - installer 14592 Download URL: https://download.qt.io/online/qtsdkrepository/windows_x86/desktop/qt6_683/qt6_683/qt.qt6.683.win64_msvc2022_64/6.8.3-0-202503201308qtsvg-Windows-Windows_11_23H2-MSVC2022-Windows-Windows_11_23H2-X86_64.7z
2026-02-28 17:28:54,593 - aqt.installer - DEBUG - installer 15748 Download URL: https://download.qt.io/online/qtsdkrepository/windows_x86/desktop/qt6_683/qt6_683/qt.qt6.683.win64_msvc2022_64/6.8.3-0-202503201308qtbase-Windows-Windows_11_23H2-MSVC2022-Windows-Windows_11_23H2-X86_64.7z
2026-02-28 17:28:54,593 - aqt.installer - DEBUG - installer 25944 Download URL: https://download.qt.io/online/qtsdkrepository/windows_x86/desktop/qt6_683/qt6_683/qt.qt6.683.win64_msvc2022_64/6.8.3-0-202503201308qtdeclarative-Windows-Windows_11_23H2-MSVC2022-Windows-Windows_11_23H2-X86_64.7z
2026-02-28 17:28:54,593 - aqt.installer - DEBUG - installer 20804 Download URL: https://download.qt.io/online/qtsdkrepository/windows_x86/desktop/qt6_683/qt6_683/qt.qt6.683.win64_msvc2022_64/6.8.3-0-202503201308qttools-Windows-Windows_11_23H2-MSVC2022-Windows-Windows_11_23H2-X86_64.7z
2026-02-28 17:28:55,822 - aqt.helper - DEBUG - helper 20804 Asked to redirect(302) to: https://qt.mirror.constant.com/online/qtsdkrepository/windows_x86/desktop/qt6_683/qt6_683/qt.qt6.683.win64_msvc2022_64/6.8.3-0-202503201308qttools-Windows-Windows_11_23H2-MSVC2022-Windows-Windows_11_23H2-X86_64.7z
2026-02-28 17:28:55,822 - aqt.helper - INFO - helper 20804 Redirected: qt.mirror.constant.com
2026-02-28 17:28:55,822 - aqt.helper - DEBUG - helper 14592 Asked to redirect(302) to: https://qt.mirror.constant.com/online/qtsdkrepository/windows_x86/desktop/qt6_683/qt6_683/qt.qt6.683.win64_msvc2022_64/6.8.3-0-202503201308qtsvg-Windows-Windows_11_23H2-MSVC2022-Windows-Windows_11_23H2-X86_64.7z
_64.7z
2026-02-28 17:28:55,822 - aqt.helper - DEBUG - helper 15748 Asked to redirect(302) to: https://qt.mirror.constant.com/online/qtsdkrepository/windows_x86/desktop/qt6_683/qt6_683/qt.qt6.683.win64_msvc2022_64/6.8.3-0-202503201308qtbase-Windows-Windows_11_23H2-MSVC2022-Windows-Windows_11_23H2-X86_64.7z
2026-02-28 17:28:55,822 - aqt.helper - INFO - helper 25944 Redirected: qt.mirror.constant.com
2026-02-28 17:28:55,822 - aqt.helper - INFO - helper 14592 Redirected: qt.mirror.constant.com
2026-02-28 17:28:55,822 - aqt.helper - INFO - helper 15748 Redirected: qt.mirror.constant.com
2026-02-28 17:28:56,861 - aqt.installer - INFO - installer 14592 Finished installation of qtsvg-Windows-Windows_11_23H2-MSVC2022-Windows-Windows_11_23H2-X86_64.7z in 3.52987160
2026-02-28 17:28:56,877 - aqt.helper - DEBUG - helper 14592 Attempt to download checksum at https://download.qt.io/online/qtsdkrepository/windows_x86/desktop/qt6_683/qt6_683/qt.qt6.683.win64_msvc2022_64/6.8.3-0-202503201308qttranslations-Windows-Windows_11_23H2-MSVC2022-Windows-Windows_11_23H2-X86_64.7z.sha256
2026-02-28 17:28:58,029 - aqt.helper - INFO - helper 14592 Downloading qttranslations...
2026-02-28 17:28:58,029 - aqt.installer - DEBUG - installer 14592 Download URL: https://download.qt.io/online/qtsdkrepository/windows_x86/desktop/qt6_683/qt6_683/qt.qt6.683.win64_msvc2022_64/6.8.3-0-202503201308qttranslations-Windows-Windows_11_23H2-MSVC2022-Windows-Windows_11_23H2-X86_64.7z
2026-02-28 17:28:58,939 - aqt.helper - DEBUG - helper 14592 Asked to redirect(302) to: https://qt.mirror.constant.com/online/qtsdkrepository/windows_x86/desktop/qt6_683/qt6_683/qt.qt6.683.win64_msvc2022_64/6.8.3-0-202503201308qttranslations-Windows-Windows_11_23H2-MSVC2022-Windows-Windows_11_23H2-X86_64.7z
2026-02-28 17:28:58,940 - aqt.helper - INFO - helper 14592 Redirected: qt.mirror.constant.com
2026-02-28 17:29:00,275 - aqt.installer - INFO - installer 14592 Finished installation of qttranslations-Windows-Windows_11_23H2-MSVC2022-Windows-Windows_11_23H2-X86_64.7z in 3.40118400
2026-02-28 17:29:00,300 - aqt.helper - DEBUG - helper 14592 Attempt to download checksum at https://download.qt.io/online/qtsdkrepository/windows_x86/desktop/qt6_683/qt6_683/qt.qt6.683.win64_msvc2022_64/6.8.3-0-202503201308d3dcompiler_47-x64.7z.sha256
2026-02-28 17:29:00,994 - aqt.installer - INFO - installer 20804 Finished installation of qttools-Windows-Windows_11_23H2-MSVC2022-Windows-Windows_11_23H2-X86_64.7z in 7.65838650
2026-02-28 17:29:01,017 - aqt.helper - DEBUG - helper 20804 Attempt to download checksum at https://download.qt.io/online/qtsdkrepository/windows_x86/desktop/qt6_683/qt6_683/qt.qt6.683.win64_msvc2022_64/6.8.3-0-202503201308opengl32sw-64-mesa_11_2_2-signed_sha256.7z.sha256
2026-02-28 17:29:01,299 - aqt.helper - INFO - helper 14592 Downloading d3dcompiler_47...
2026-02-28 17:29:01,299 - aqt.installer - DEBUG - installer 14592 Download URL: https://download.qt.io/online/qtsdkrepository/windows_x86/desktop/qt6_683/qt6_683/qt.qt6.683.win64_msvc2022_64/6.8.3-0-202503201308d3dcompiler_47-x64.7z
2026-02-28 17:29:01,967 - aqt.helper - INFO - helper 20804 Downloading opengl32sw...
2026-02-28 17:29:01,967 - aqt.installer - DEBUG - installer 20804 Download URL: https://download.qt.io/online/qtsdkrepository/windows_x86/desktop/qt6_683/qt6_683/qt.qt6.683.win64_msvc2022_64/6.8.3-0-202503201308opengl32sw-64-mesa_11_2_2-signed_sha256.7z
2026-02-28 17:29:02,446 - aqt.helper - DEBUG - helper 14592 Asked to redirect(302) to: https://qt.mirror.constant.com/online/qtsdkrepository/windows_x86/desktop/qt6_683/qt6_683/qt.qt6.683.win64_msvc2022_64/6.8.3-0-202503201308d3dcompiler_47-x64.7z
2026-02-28 17:29:02,446 - aqt.helper - INFO - helper 14592 Redirected: qt.mirror.constant.com
2026-02-28 17:29:02,929 - aqt.helper - DEBUG - helper 20804 Asked to redirect(302) to: https://qt.mirror.constant.com/online/qtsdkrepository/windows_x86/desktop/qt6_683/qt6_683/qt.qt6.683.win64_msvc2022_64/6.8.3-0-202503201308opengl32sw-64-mesa_11_2_2-signed_sha256.7z
2026-02-28 17:29:02,930 - aqt.helper - INFO - helper 20804 Redirected: qt.mirror.constant.com
2026-02-28 17:29:03,533 - aqt.installer - INFO - installer 14592 Finished installation of d3dcompiler_47-x64.7z in 3.23650250
2026-02-28 17:29:04,571 - aqt.installer - INFO - installer 15748 Finished installation of qtbase-Windows-Windows_11_23H2-MSVC2022-Windows-Windows_11_23H2-X86_64.7z in 11.24766930
2026-02-28 17:29:04,801 - aqt.installer - INFO - installer 20804 Finished installation of opengl32sw-64-mesa_11_2_2-signed_sha256.7z in 3.78629510
2026-02-28 17:29:22,823 - aqt.installer - INFO - installer 25944 Finished installation of qtdeclarative-Windows-Windows_11_23H2-MSVC2022-Windows-Windows_11_23H2-X86_64.7z in 29.49136400
2026-02-28 17:29:23,080 - aqt.updater - INFO - updater 3728 Patching C:\Qt\6.8.3\msvc2022_64\bin\qmake.exe
2026-02-28 17:29:23,085 - aqt.updater - INFO - updater 3728 Patching C:\Qt\6.8.3\msvc2022_64\lib\Qt6Concurrent.prl
2026-02-28 17:29:23,093 - aqt.updater - INFO - updater 3728 Patching C:\Qt\6.8.3\msvc2022_64\lib\Qt6Concurrentd.prl
2026-02-28 17:29:23,098 - aqt.updater - INFO - updater 3728 Patching C:\Qt\6.8.3\msvc2022_64\lib\Qt6Core.prl
2026-02-28 17:29:23,106 - aqt.updater - INFO - updater 3728 Patching C:\Qt\6.8.3\msvc2022_64\lib\Qt6Cored.prl
2026-02-28 17:29:23,112 - aqt.updater - INFO - updater 3728 Patching C:\Qt\6.8.3\msvc2022_64\lib\Qt6DBus.prl
2026-02-28 17:29:23,117 - aqt.updater - INFO - updater 3728 Patching C:\Qt\6.8.3\msvc2022_64\lib\Qt6DBusd.prl
2026-02-28 17:29:23,125 - aqt.updater - INFO - updater 3728 Patching C:\Qt\6.8.3\msvc2022_64\lib\Qt6Designer.prl
2026-02-28 17:29:23,132 - aqt.updater - INFO - updater 3728 Patching C:\Qt\6.8.3\msvc2022_64\lib\Qt6DesignerComponents.prl
2026-02-28 17:29:23,139 - aqt.updater - INFO - updater 3728 Patching C:\Qt\6.8.3\msvc2022_64\lib\Qt6DesignerComponentsd.prl
2026-02-28 17:29:23,146 - aqt.updater - INFO - updater 3728 Patching C:\Qt\6.8.3\msvc2022_64\lib\Qt6Designerd.prl
2026-02-28 17:29:23,152 - aqt.updater - INFO - updater 3728 Patching C:\Qt\6.8.3\msvc2022_64\lib\Qt6DeviceDiscoverySupport.prl
2026-02-28 17:29:23,159 - aqt.updater - INFO - updater 3728 Patching C:\Qt\6.8.3\msvc2022_64\lib\Qt6DeviceDiscoverySupportd.prl
2026-02-28 17:29:23,165 - aqt.updater - INFO - updater 3728 Patching C:\Qt\6.8.3\msvc2022_64\lib\Qt6EntryPoint.prl
2026-02-28 17:29:23,172 - aqt.updater - INFO - updater 3728 Patching C:\Qt\6.8.3\msvc2022_64\lib\Qt6EntryPointd.prl
2026-02-28 17:29:23,178 - aqt.updater - INFO - updater 3728 Patching C:\Qt\6.8.3\msvc2022_64\lib\Qt6ExampleIcons.prl
2026-02-28 17:29:23,184 - aqt.updater - INFO - updater 3728 Patching C:\Qt\6.8.3\msvc2022_64\lib\Qt6ExampleIconsd.prl
2026-02-28 17:29:23,192 - aqt.updater - INFO - updater 3728 Patching C:\Qt\6.8.3\msvc2022_64\lib\Qt6ExamplesAssetDownloader.prl
2026-02-28 17:29:23,198 - aqt.updater - INFO - updater 3728 Patching C:\Qt\6.8.3\msvc2022_64\lib\Qt6ExamplesAssetDownloaderd.prl
2026-02-28 17:29:23,205 - aqt.updater - INFO - updater 3728 Patching C:\Qt\6.8.3\msvc2022_64\lib\Qt6FbSupport.prl
2026-02-28 17:29:23,211 - aqt.updater - INFO - updater 3728 Patching C:\Qt\6.8.3\msvc2022_64\lib\Qt6FbSupportd.prl
2026-02-28 17:29:23,217 - aqt.updater - INFO - updater 3728 Patching C:\Qt\6.8.3\msvc2022_64\lib\Qt6Gui.prl
2026-02-28 17:29:23,224 - aqt.updater - INFO - updater 3728 Patching C:\Qt\6.8.3\msvc2022_64\lib\Qt6Guid.prl
2026-02-28 17:29:23,230 - aqt.updater - INFO - updater 3728 Patching C:\Qt\6.8.3\msvc2022_64\lib\Qt6Help.prl
2026-02-28 17:29:23,237 - aqt.updater - INFO - updater 3728 Patching C:\Qt\6.8.3\msvc2022_64\lib\Qt6Helpd.prl
2026-02-28 17:29:23,243 - aqt.updater - INFO - updater 3728 Patching C:\Qt\6.8.3\msvc2022_64\lib\Qt6LabsAnimation.prl
2026-02-28 17:29:23,250 - aqt.updater - INFO - updater 3728 Patching C:\Qt\6.8.3\msvc2022_64\lib\Qt6LabsAnimationd.prl
2026-02-28 17:29:23,258 - aqt.updater - INFO - updater 3728 Patching C:\Qt\6.8.3\msvc2022_64\lib\Qt6LabsFolderListModel.prl
2026-02-28 17:29:23,264 - aqt.updater - INFO - updater 3728 Patching C:\Qt\6.8.3\msvc2022_64\lib\Qt6LabsFolderListModeld.prl
2026-02-28 17:29:23,272 - aqt.updater - INFO - updater 3728 Patching C:\Qt\6.8.3\msvc2022_64\lib\Qt6LabsPlatform.prl
2026-02-28 17:29:23,278 - aqt.updater - INFO - updater 3728 Patching C:\Qt\6.8.3\msvc2022_64\lib\Qt6LabsPlatformd.prl
2026-02-28 17:29:23,284 - aqt.updater - INFO - updater 3728 Patching C:\Qt\6.8.3\msvc2022_64\lib\Qt6LabsQmlModels.prl
2026-02-28 17:29:23,292 - aqt.updater - INFO - updater 3728 Patching C:\Qt\6.8.3\msvc2022_64\lib\Qt6LabsQmlModelsd.prl
2026-02-28 17:29:23,297 - aqt.updater - INFO - updater 3728 Patching C:\Qt\6.8.3\msvc2022_64\lib\Qt6LabsSettings.prl
2026-02-28 17:29:23,304 - aqt.updater - INFO - updater 3728 Patching C:\Qt\6.8.3\msvc2022_64\lib\Qt6LabsSettingsd.prl
2026-02-28 17:29:23,311 - aqt.updater - INFO - updater 3728 Patching C:\Qt\6.8.3\msvc2022_64\lib\Qt6LabsSharedImage.prl
2026-02-28 17:29:23,317 - aqt.updater - INFO - updater 3728 Patching C:\Qt\6.8.3\msvc2022_64\lib\Qt6LabsSharedImaged.prl
2026-02-28 17:29:23,325 - aqt.updater - INFO - updater 3728 Patching C:\Qt\6.8.3\msvc2022_64\lib\Qt6LabsWavefrontMesh.prl
2026-02-28 17:29:23,331 - aqt.updater - INFO - updater 3728 Patching C:\Qt\6.8.3\msvc2022_64\lib\Qt6LabsWavefrontMeshd.prl
2026-02-28 17:29:23,338 - aqt.updater - INFO - updater 3728 Patching C:\Qt\6.8.3\msvc2022_64\lib\Qt6Network.prl
2026-02-28 17:29:23,344 - aqt.updater - INFO - updater 3728 Patching C:\Qt\6.8.3\msvc2022_64\lib\Qt6Networkd.prl
2026-02-28 17:29:23,350 - aqt.updater - INFO - updater 3728 Patching C:\Qt\6.8.3\msvc2022_64\lib\Qt6OpenGL.prl
2026-02-28 17:29:23,358 - aqt.updater - INFO - updater 3728 Patching C:\Qt\6.8.3\msvc2022_64\lib\Qt6OpenGLd.prl
2026-02-28 17:29:23,364 - aqt.updater - INFO - updater 3728 Patching C:\Qt\6.8.3\msvc2022_64\lib\Qt6OpenGLWidgets.prl
2026-02-28 17:29:23,372 - aqt.updater - INFO - updater 3728 Patching C:\Qt\6.8.3\msvc2022_64\lib\Qt6OpenGLWidgetsd.prl
2026-02-28 17:29:23,378 - aqt.updater - INFO - updater 3728 Patching C:\Qt\6.8.3\msvc2022_64\lib\Qt6PacketProtocol.prl
2026-02-28 17:29:23,385 - aqt.updater - INFO - updater 3728 Patching C:\Qt\6.8.3\msvc2022_64\lib\Qt6PacketProtocold.prl
2026-02-28 17:29:23,394 - aqt.updater - INFO - updater 3728 Patching C:\Qt\6.8.3\msvc2022_64\lib\Qt6PrintSupport.prl
2026-02-28 17:29:23,399 - aqt.updater - INFO - updater 3728 Patching C:\Qt\6.8.3\msvc2022_64\lib\Qt6PrintSupportd.prl
2026-02-28 17:29:23,407 - aqt.updater - INFO - updater 3728 Patching C:\Qt\6.8.3\msvc2022_64\lib\Qt6Qml.prl
2026-02-28 17:29:23,413 - aqt.updater - INFO - updater 3728 Patching C:\Qt\6.8.3\msvc2022_64\lib\Qt6QmlAssetDownloader.prl
2026-02-28 17:29:23,421 - aqt.updater - INFO - updater 3728 Patching C:\Qt\6.8.3\msvc2022_64\lib\Qt6QmlAssetDownloaderd.prl
2026-02-28 17:29:23,427 - aqt.updater - INFO - updater 3728 Patching C:\Qt\6.8.3\msvc2022_64\lib\Qt6QmlCompiler.prl
2026-02-28 17:29:23,433 - aqt.updater - INFO - updater 3728 Patching C:\Qt\6.8.3\msvc2022_64\lib\Qt6QmlCompilerd.prl
2026-02-28 17:29:23,442 - aqt.updater - INFO - updater 3728 Patching C:\Qt\6.8.3\msvc2022_64\lib\Qt6QmlCore.prl
2026-02-28 17:29:23,450 - aqt.updater - INFO - updater 3728 Patching C:\Qt\6.8.3\msvc2022_64\lib\Qt6QmlCored.prl
2026-02-28 17:29:23,460 - aqt.updater - INFO - updater 3728 Patching C:\Qt\6.8.3\msvc2022_64\lib\Qt6Qmld.prl
2026-02-28 17:29:23,471 - aqt.updater - INFO - updater 3728 Patching C:\Qt\6.8.3\msvc2022_64\lib\Qt6QmlDebug.prl
2026-02-28 17:29:23,480 - aqt.updater - INFO - updater 3728 Patching C:\Qt\6.8.3\msvc2022_64\lib\Qt6QmlDebugd.prl
2026-02-28 17:29:23,491 - aqt.updater - INFO - updater 3728 Patching C:\Qt\6.8.3\msvc2022_64\lib\Qt6QmlDom.prl
2026-02-28 17:29:23,499 - aqt.updater - INFO - updater 3728 Patching C:\Qt\6.8.3\msvc2022_64\lib\Qt6QmlDomd.prl
2026-02-28 17:29:23,508 - aqt.updater - INFO - updater 3728 Patching C:\Qt\6.8.3\msvc2022_64\lib\Qt6QmlLocalStorage.prl
2026-02-28 17:29:23,515 - aqt.updater - INFO - updater 3728 Patching C:\Qt\6.8.3\msvc2022_64\lib\Qt6QmlLocalStoraged.prl
2026-02-28 17:29:23,524 - aqt.updater - INFO - updater 3728 Patching C:\Qt\6.8.3\msvc2022_64\lib\Qt6QmlLS.prl
2026-02-28 17:29:23,532 - aqt.updater - INFO - updater 3728 Patching C:\Qt\6.8.3\msvc2022_64\lib\Qt6QmlLSd.prl
2026-02-28 17:29:23,542 - aqt.updater - INFO - updater 3728 Patching C:\Qt\6.8.3\msvc2022_64\lib\Qt6QmlMeta.prl
2026-02-28 17:29:23,549 - aqt.updater - INFO - updater 3728 Patching C:\Qt\6.8.3\msvc2022_64\lib\Qt6QmlMetad.prl
2026-02-28 17:29:23,559 - aqt.updater - INFO - updater 3728 Patching C:\Qt\6.8.3\msvc2022_64\lib\Qt6QmlModels.prl
2026-02-28 17:29:23,568 - aqt.updater - INFO - updater 3728 Patching C:\Qt\6.8.3\msvc2022_64\lib\Qt6QmlModelsd.prl
2026-02-28 17:29:23,576 - aqt.updater - INFO - updater 3728 Patching C:\Qt\6.8.3\msvc2022_64\lib\Qt6QmlNetwork.prl
2026-02-28 17:29:23,582 - aqt.updater - INFO - updater 3728 Patching C:\Qt\6.8.3\msvc2022_64\lib\Qt6QmlNetworkd.prl
2026-02-28 17:29:23,590 - aqt.updater - INFO - updater 3728 Patching C:\Qt\6.8.3\msvc2022_64\lib\Qt6QmlToolingSettings.prl
2026-02-28 17:29:23,598 - aqt.updater - INFO - updater 3728 Patching C:\Qt\6.8.3\msvc2022_64\lib\Qt6QmlToolingSettingsd.prl
2026-02-28 17:29:23,607 - aqt.updater - INFO - updater 3728 Patching C:\Qt\6.8.3\msvc2022_64\lib\Qt6QmlTypeRegistrar.prl
2026-02-28 17:29:23,615 - aqt.updater - INFO - updater 3728 Patching C:\Qt\6.8.3\msvc2022_64\lib\Qt6QmlTypeRegistrard.prl
2026-02-28 17:29:23,624 - aqt.updater - INFO - updater 3728 Patching C:\Qt\6.8.3\msvc2022_64\lib\Qt6QmlWorkerScript.prl
2026-02-28 17:29:23,631 - aqt.updater - INFO - updater 3728 Patching C:\Qt\6.8.3\msvc2022_64\lib\Qt6QmlWorkerScriptd.prl
2026-02-28 17:29:23,638 - aqt.updater - INFO - updater 3728 Patching C:\Qt\6.8.3\msvc2022_64\lib\Qt6QmlXmlListModel.prl
2026-02-28 17:29:23,644 - aqt.updater - INFO - updater 3728 Patching C:\Qt\6.8.3\msvc2022_64\lib\Qt6QmlXmlListModeld.prl
2026-02-28 17:29:23,649 - aqt.updater - INFO - updater 3728 Patching C:\Qt\6.8.3\msvc2022_64\lib\Qt6Quick.prl
2026-02-28 17:29:23,657 - aqt.updater - INFO - updater 3728 Patching C:\Qt\6.8.3\msvc2022_64\lib\Qt6QuickControls2.prl
2026-02-28 17:29:23,663 - aqt.updater - INFO - updater 3728 Patching C:\Qt\6.8.3\msvc2022_64\lib\Qt6QuickControls2Basic.prl
2026-02-28 17:29:23,670 - aqt.updater - INFO - updater 3728 Patching C:\Qt\6.8.3\msvc2022_64\lib\Qt6QuickControls2Basicd.prl
2026-02-28 17:29:23,677 - aqt.updater - INFO - updater 3728 Patching C:\Qt\6.8.3\msvc2022_64\lib\Qt6QuickControls2BasicStyleImpl.prl
2026-02-28 17:29:23,683 - aqt.updater - INFO - updater 3728 Patching C:\Qt\6.8.3\msvc2022_64\lib\Qt6QuickControls2BasicStyleImpld.prl
2026-02-28 17:29:23,690 - aqt.updater - INFO - updater 3728 Patching C:\Qt\6.8.3\msvc2022_64\lib\Qt6QuickControls2d.prl
2026-02-28 17:29:23,697 - aqt.updater - INFO - updater 3728 Patching C:\Qt\6.8.3\msvc2022_64\lib\Qt6QuickControls2FluentWinUI3StyleImpl.prl
2026-02-28 17:29:23,706 - aqt.updater - INFO - updater 3728 Patching C:\Qt\6.8.3\msvc2022_64\lib\Qt6QuickControls2FluentWinUI3StyleImpld.prl
2026-02-28 17:29:23,713 - aqt.updater - INFO - updater 3728 Patching C:\Qt\6.8.3\msvc2022_64\lib\Qt6QuickControls2Fusion.prl
2026-02-28 17:29:23,720 - aqt.updater - INFO - updater 3728 Patching C:\Qt\6.8.3\msvc2022_64\lib\Qt6QuickControls2Fusiond.prl
2026-02-28 17:29:23,726 - aqt.updater - INFO - updater 3728 Patching C:\Qt\6.8.3\msvc2022_64\lib\Qt6QuickControls2FusionStyleImpl.prl
2026-02-28 17:29:23,733 - aqt.updater - INFO - updater 3728 Patching C:\Qt\6.8.3\msvc2022_64\lib\Qt6QuickControls2FusionStyleImpld.prl
2026-02-28 17:29:23,741 - aqt.updater - INFO - updater 3728 Patching C:\Qt\6.8.3\msvc2022_64\lib\Qt6QuickControls2Imagine.prl
2026-02-28 17:29:23,747 - aqt.updater - INFO - updater 3728 Patching C:\Qt\6.8.3\msvc2022_64\lib\Qt6QuickControls2Imagined.prl
2026-02-28 17:29:23,755 - aqt.updater - INFO - updater 3728 Patching C:\Qt\6.8.3\msvc2022_64\lib\Qt6QuickControls2ImagineStyleImpl.prl
2026-02-28 17:29:23,761 - aqt.updater - INFO - updater 3728 Patching C:\Qt\6.8.3\msvc2022_64\lib\Qt6QuickControls2ImagineStyleImpld.prl
2026-02-28 17:29:23,767 - aqt.updater - INFO - updater 3728 Patching C:\Qt\6.8.3\msvc2022_64\lib\Qt6QuickControls2Impl.prl
2026-02-28 17:29:23,775 - aqt.updater - INFO - updater 3728 Patching C:\Qt\6.8.3\msvc2022_64\lib\Qt6QuickControls2Impld.prl
2026-02-28 17:29:23,781 - aqt.updater - INFO - updater 3728 Patching C:\Qt\6.8.3\msvc2022_64\lib\Qt6QuickControls2Material.prl
2026-02-28 17:29:23,788 - aqt.updater - INFO - updater 3728 Patching C:\Qt\6.8.3\msvc2022_64\lib\Qt6QuickControls2Materiald.prl
2026-02-28 17:29:23,794 - aqt.updater - INFO - updater 3728 Patching C:\Qt\6.8.3\msvc2022_64\lib\Qt6QuickControls2MaterialStyleImpl.prl
2026-02-28 17:29:23,802 - aqt.updater - INFO - updater 3728 Patching C:\Qt\6.8.3\msvc2022_64\lib\Qt6QuickControls2MaterialStyleImpld.prl
2026-02-28 17:29:23,810 - aqt.updater - INFO - updater 3728 Patching C:\Qt\6.8.3\msvc2022_64\lib\Qt6QuickControls2Universal.prl
2026-02-28 17:29:23,815 - aqt.updater - INFO - updater 3728 Patching C:\Qt\6.8.3\msvc2022_64\lib\Qt6QuickControls2Universald.prl
2026-02-28 17:29:23,823 - aqt.updater - INFO - updater 3728 Patching C:\Qt\6.8.3\msvc2022_64\lib\Qt6QuickControls2UniversalStyleImpl.prl
2026-02-28 17:29:23,829 - aqt.updater - INFO - updater 3728 Patching C:\Qt\6.8.3\msvc2022_64\lib\Qt6QuickControls2UniversalStyleImpld.prl
2026-02-28 17:29:23,835 - aqt.updater - INFO - updater 3728 Patching C:\Qt\6.8.3\msvc2022_64\lib\Qt6QuickControls2WindowsStyleImpl.prl
2026-02-28 17:29:23,844 - aqt.updater - INFO - updater 3728 Patching C:\Qt\6.8.3\msvc2022_64\lib\Qt6QuickControls2WindowsStyleImpld.prl
2026-02-28 17:29:23,849 - aqt.updater - INFO - updater 3728 Patching C:\Qt\6.8.3\msvc2022_64\lib\Qt6QuickControlsTestUtils.prl
2026-02-28 17:29:23,859 - aqt.updater - INFO - updater 3728 Patching C:\Qt\6.8.3\msvc2022_64\lib\Qt6QuickControlsTestUtilsd.prl
2026-02-28 17:29:23,866 - aqt.updater - INFO - updater 3728 Patching C:\Qt\6.8.3\msvc2022_64\lib\Qt6Quickd.prl
2026-02-28 17:29:23,874 - aqt.updater - INFO - updater 3728 Patching C:\Qt\6.8.3\msvc2022_64\lib\Qt6QuickDialogs2.prl
2026-02-28 17:29:23,880 - aqt.updater - INFO - updater 3728 Patching C:\Qt\6.8.3\msvc2022_64\lib\Qt6QuickDialogs2d.prl
2026-02-28 17:29:23,887 - aqt.updater - INFO - updater 3728 Patching C:\Qt\6.8.3\msvc2022_64\lib\Qt6QuickDialogs2QuickImpl.prl
2026-02-28 17:29:23,893 - aqt.updater - INFO - updater 3728 Patching C:\Qt\6.8.3\msvc2022_64\lib\Qt6QuickDialogs2QuickImpld.prl
2026-02-28 17:29:23,899 - aqt.updater - INFO - updater 3728 Patching C:\Qt\6.8.3\msvc2022_64\lib\Qt6QuickDialogs2Utils.prl
2026-02-28 17:29:23,909 - aqt.updater - INFO - updater 3728 Patching C:\Qt\6.8.3\msvc2022_64\lib\Qt6QuickDialogs2Utilsd.prl
2026-02-28 17:29:23,915 - aqt.updater - INFO - updater 3728 Patching C:\Qt\6.8.3\msvc2022_64\lib\Qt6QuickEffects.prl
2026-02-28 17:29:23,923 - aqt.updater - INFO - updater 3728 Patching C:\Qt\6.8.3\msvc2022_64\lib\Qt6QuickEffectsd.prl
2026-02-28 17:29:23,929 - aqt.updater - INFO - updater 3728 Patching C:\Qt\6.8.3\msvc2022_64\lib\Qt6QuickLayouts.prl
2026-02-28 17:29:23,936 - aqt.updater - INFO - updater 3728 Patching C:\Qt\6.8.3\msvc2022_64\lib\Qt6QuickLayoutsd.prl
2026-02-28 17:29:23,943 - aqt.updater - INFO - updater 3728 Patching C:\Qt\6.8.3\msvc2022_64\lib\Qt6QuickParticles.prl
2026-02-28 17:29:23,949 - aqt.updater - INFO - updater 3728 Patching C:\Qt\6.8.3\msvc2022_64\lib\Qt6QuickParticlesd.prl
2026-02-28 17:29:23,956 - aqt.updater - INFO - updater 3728 Patching C:\Qt\6.8.3\msvc2022_64\lib\Qt6QuickShapes.prl
2026-02-28 17:29:23,962 - aqt.updater - INFO - updater 3728 Patching C:\Qt\6.8.3\msvc2022_64\lib\Qt6QuickShapesd.prl
2026-02-28 17:29:23,967 - aqt.updater - INFO - updater 3728 Patching C:\Qt\6.8.3\msvc2022_64\lib\Qt6QuickTemplates2.prl
2026-02-28 17:29:23,975 - aqt.updater - INFO - updater 3728 Patching C:\Qt\6.8.3\msvc2022_64\lib\Qt6QuickTemplates2d.prl
2026-02-28 17:29:23,981 - aqt.updater - INFO - updater 3728 Patching C:\Qt\6.8.3\msvc2022_64\lib\Qt6QuickTest.prl
2026-02-28 17:29:23,988 - aqt.updater - INFO - updater 3728 Patching C:\Qt\6.8.3\msvc2022_64\lib\Qt6QuickTestd.prl
2026-02-28 17:29:23,994 - aqt.updater - INFO - updater 3728 Patching C:\Qt\6.8.3\msvc2022_64\lib\Qt6QuickTestUtils.prl
2026-02-28 17:29:24,000 - aqt.updater - INFO - updater 3728 Patching C:\Qt\6.8.3\msvc2022_64\lib\Qt6QuickTestUtilsd.prl
2026-02-28 17:29:24,010 - aqt.updater - INFO - updater 3728 Patching C:\Qt\6.8.3\msvc2022_64\lib\Qt6QuickVectorImage.prl
2026-02-28 17:29:24,017 - aqt.updater - INFO - updater 3728 Patching C:\Qt\6.8.3\msvc2022_64\lib\Qt6QuickVectorImaged.prl
2026-02-28 17:29:24,025 - aqt.updater - INFO - updater 3728 Patching C:\Qt\6.8.3\msvc2022_64\lib\Qt6QuickVectorImageGenerator.prl
2026-02-28 17:29:24,030 - aqt.updater - INFO - updater 3728 Patching C:\Qt\6.8.3\msvc2022_64\lib\Qt6QuickVectorImageGeneratord.prl
2026-02-28 17:29:24,037 - aqt.updater - INFO - updater 3728 Patching C:\Qt\6.8.3\msvc2022_64\lib\Qt6QuickWidgets.prl
2026-02-28 17:29:24,045 - aqt.updater - INFO - updater 3728 Patching C:\Qt\6.8.3\msvc2022_64\lib\Qt6QuickWidgetsd.prl
2026-02-28 17:29:24,051 - aqt.updater - INFO - updater 3728 Patching C:\Qt\6.8.3\msvc2022_64\lib\Qt6Sql.prl
2026-02-28 17:29:24,059 - aqt.updater - INFO - updater 3728 Patching C:\Qt\6.8.3\msvc2022_64\lib\Qt6Sqld.prl
2026-02-28 17:29:24,064 - aqt.updater - INFO - updater 3728 Patching C:\Qt\6.8.3\msvc2022_64\lib\Qt6Svg.prl
2026-02-28 17:29:24,071 - aqt.updater - INFO - updater 3728 Patching C:\Qt\6.8.3\msvc2022_64\lib\Qt6Svgd.prl
2026-02-28 17:29:24,078 - aqt.updater - INFO - updater 3728 Patching C:\Qt\6.8.3\msvc2022_64\lib\Qt6SvgWidgets.prl
2026-02-28 17:29:24,083 - aqt.updater - INFO - updater 3728 Patching C:\Qt\6.8.3\msvc2022_64\lib\Qt6SvgWidgetsd.prl
2026-02-28 17:29:24,091 - aqt.updater - INFO - updater 3728 Patching C:\Qt\6.8.3\msvc2022_64\lib\Qt6Test.prl
2026-02-28 17:29:24,097 - aqt.updater - INFO - updater 3728 Patching C:\Qt\6.8.3\msvc2022_64\lib\Qt6Testd.prl
2026-02-28 17:29:24,103 - aqt.updater - INFO - updater 3728 Patching C:\Qt\6.8.3\msvc2022_64\lib\Qt6UiTools.prl
2026-02-28 17:29:24,110 - aqt.updater - INFO - updater 3728 Patching C:\Qt\6.8.3\msvc2022_64\lib\Qt6UiToolsd.prl
2026-02-28 17:29:24,116 - aqt.updater - INFO - updater 3728 Patching C:\Qt\6.8.3\msvc2022_64\lib\Qt6Widgets.prl
2026-02-28 17:29:24,124 - aqt.updater - INFO - updater 3728 Patching C:\Qt\6.8.3\msvc2022_64\lib\Qt6Widgetsd.prl
2026-02-28 17:29:24,130 - aqt.updater - INFO - updater 3728 Patching C:\Qt\6.8.3\msvc2022_64\lib\Qt6Xml.prl
2026-02-28 17:29:24,135 - aqt.updater - INFO - updater 3728 Patching C:\Qt\6.8.3\msvc2022_64\lib\Qt6Xmld.prl
2026-02-28 17:29:24,143 - aqt.main - INFO - installer 3728 Finished installation
2026-02-28 17:29:24,143 - aqt.main - INFO - installer 3728 Time elapsed: 37.95474830 second
2026-02-28 17:32:56,787 - aqt.main - INFO - installer 24976 aqtinstall(aqt) v3.3.0 on Python 3.14.2 [CPython MSC v.1944 64 bit (AMD64)]
2026-02-28 17:32:56,788 - aqt.helper - DEBUG - helper 24976 Attempt to download checksum at https://download.qt.io/online/qtsdkrepository/windows_x86/desktop/qt6_683/qt6_683/Updates.xml.sha256
2026-02-28 17:32:58,667 - aqt.helper - DEBUG - helper 24976 Attempt to download checksum at https://download.qt.io/online/qtsdkrepository/windows_x86/extensions/qtwebengine/683/msvc2022_64/Updates.xml.sha256
2026-02-28 17:33:00,390 - aqt.archives - INFO - archives 24976 Found extension qtwebengine
2026-02-28 17:33:00,391 - aqt.helper - DEBUG - helper 24976 Attempt to download checksum at https://download.qt.io/online/qtsdkrepository/windows_x86/extensions/qtpdf/683/msvc2022_64/Updates.xml.sha256
2026-02-28 17:33:02,310 - aqt.archives - INFO - archives 24976 Found extension qtpdf
2026-02-28 17:33:02,945 - aqt.helper - DEBUG - helper 9912 Attempt to download checksum at https://download.qt.io/online/qtsdkrepository/windows_x86/desktop/qt6_683/qt6_683/qt.qt6.683.win64_msvc2022_64/6.8.3-0-202503201308qtbase-Windows-Windows_11_23H2-MSVC2022-Windows-Windows_11_23H2-X86_64.7z.sha256
2026-02-28 17:33:02,945 - aqt.helper - DEBUG - helper 23496 Attempt to download checksum at https://download.qt.io/online/qtsdkrepository/windows_x86/desktop/qt6_683/qt6_683/qt.qt6.683.addons.qtmultimedia.win64_msvc2022_64/6.8.3-0-202503201308qtmultimedia-Windows-Windows_11_23H2-MSVC2022-Windows-Windows_11_23H2-X86_64.7z.sha256
2026-02-28 17:33:02,952 - aqt.helper - DEBUG - helper 20476 Attempt to download checksum at https://download.qt.io/online/qtsdkrepository/windows_x86/desktop/qt6_683/qt6_683/qt.qt6.683.win64_msvc2022_64/6.8.3-0-202503201308qtsvg-Windows-Windows_11_23H2-MSVC2022-Windows-Windows_11_23H2-X86_64.7z.sha256
2026-02-28 17:33:02,958 - aqt.helper - DEBUG - helper 15316 Attempt to download checksum at https://download.qt.io/online/qtsdkrepository/windows_x86/desktop/qt6_683/qt6_683/qt.qt6.683.win64_msvc2022_64/6.8.3-0-202503201308qtdeclarative-Windows-Windows_11_23H2-MSVC2022-Windows-Windows_11_23H2-X86_64.7z.sha256
2026-02-28 17:33:03,956 - aqt.helper - INFO - helper 9912 Downloading qtbase...
2026-02-28 17:33:03,956 - aqt.installer - DEBUG - installer 9912 Download URL: https://download.qt.io/online/qtsdkrepository/windows_x86/desktop/qt6_683/qt6_683/qt.qt6.683.win64_msvc2022_64/6.8.3-0-202503201308qtbase-Windows-Windows_11_23H2-MSVC2022-Windows-Windows_11_23H2-X86_64.7z
2026-02-28 17:33:03,965 - aqt.helper - INFO - helper 20476 Downloading qtsvg...
2026-02-28 17:33:03,965 - aqt.installer - DEBUG - installer 20476 Download URL: https://download.qt.io/online/qtsdkrepository/windows_x86/desktop/qt6_683/qt6_683/qt.qt6.683.win64_msvc2022_64/6.8.3-0-202503201308qtsvg-Windows-Windows_11_23H2-MSVC2022-Windows-Windows_11_23H2-X86_64.7z
2026-02-28 17:33:03,970 - aqt.helper - INFO - helper 15316 Downloading qtdeclarative...
2026-02-28 17:33:03,971 - aqt.helper - INFO - helper 23496 Downloading qtmultimedia...
2026-02-28 17:33:03,970 - aqt.installer - DEBUG - installer 15316 Download URL: https://download.qt.io/online/qtsdkrepository/windows_x86/desktop/qt6_683/qt6_683/qt.qt6.683.win64_msvc2022_64/6.8.3-0-202503201308qtdeclarative-Windows-Windows_11_23H2-MSVC2022-Windows-Windows_11_23H2-X86_64.7z
2026-02-28 17:33:03,971 - aqt.installer - DEBUG - installer 23496 Download URL: https://download.qt.io/online/qtsdkrepository/windows_x86/desktop/qt6_683/qt6_683/qt.qt6.683.addons.qtmultimedia.win64_msvc2022_64/6.8.3-0-202503201308qtmultimedia-Windows-Windows_11_23H2-MSVC2022-Windows-Windows_11_23H2-X86_64.7z
2026-02-28 17:33:04,904 - aqt.helper - DEBUG - helper 9912 Asked to redirect(302) to: https://qt.mirror.constant.com/online/qtsdkrepository/windows_x86/desktop/qt6_683/qt6_683/qt.qt6.683.win64_msvc2022_64/6.8.3-0-202503201308qtbase-Windows-Windows_11_23H2-MSVC2022-Windows-Windows_11_23H2-X86_64.7z
2026-02-28 17:33:04,904 - aqt.helper - INFO - helper 9912 Redirected: qt.mirror.constant.com
2026-02-28 17:33:04,921 - aqt.helper - DEBUG - helper 20476 Asked to redirect(302) to: https://qt.mirror.constant.com/online/qtsdkrepository/windows_x86/desktop/qt6_683/qt6_683/qt.qt6.683.win64_msvc2022_64/6.8.3-0-202503201308qtsvg-Windows-Windows_11_23H2-MSVC2022-Windows-Windows_11_23H2-X86_64.7z
2026-02-28 17:33:04,921 - aqt.helper - INFO - helper 20476 Redirected: qt.mirror.constant.com
2026-02-28 17:33:04,934 - aqt.helper - DEBUG - helper 15316 Asked to redirect(302) to: https://qt.mirror.constant.com/online/qtsdkrepository/windows_x86/desktop/qt6_683/qt6_683/qt.qt6.683.win64_msvc2022_64/6.8.3-0-202503201308qtdeclarative-Windows-Windows_11_23H2-MSVC2022-Windows-Windows_11_23H2-X86_64.7z
2026-02-28 17:33:04,935 - aqt.helper - INFO - helper 15316 Redirected: qt.mirror.constant.com
2026-02-28 17:33:04,935 - aqt.helper - DEBUG - helper 23496 Asked to redirect(302) to: https://qt.mirror.constant.com/online/qtsdkrepository/windows_x86/desktop/qt6_683/qt6_683/qt.qt6.683.addons.qtmultimedia.win64_msvc2022_64/6.8.3-0-202503201308qtmultimedia-Windows-Windows_11_23H2-MSVC2022-Windows-Windows_11_23H2-X86_64.7z
2026-02-28 17:33:04,935 - aqt.helper - INFO - helper 23496 Redirected: qt.mirror.constant.com
2026-02-28 17:33:05,893 - aqt.installer - INFO - installer 20476 Finished installation of qtsvg-Windows-Windows_11_23H2-MSVC2022-Windows-Windows_11_23H2-X86_64.7z in 2.94270260
2026-02-28 17:33:05,909 - aqt.helper - DEBUG - helper 20476 Attempt to download checksum at https://download.qt.io/online/qtsdkrepository/windows_x86/desktop/qt6_683/qt6_683/qt.qt6.683.win64_msvc2022_64/6.8.3-0-202503201308qttools-Windows-Windows_11_23H2-MSVC2022-Windows-Windows_11_23H2-X86_64.7z.sha256
2026-02-28 17:33:06,891 - aqt.helper - INFO - helper 20476 Downloading qttools...
2026-02-28 17:33:06,891 - aqt.installer - DEBUG - installer 20476 Download URL: https://download.qt.io/online/qtsdkrepository/windows_x86/desktop/qt6_683/qt6_683/qt.qt6.683.win64_msvc2022_64/6.8.3-0-202503201308qttools-Windows-Windows_11_23H2-MSVC2022-Windows-Windows_11_23H2-X86_64.7z
2026-02-28 17:33:07,939 - aqt.helper - DEBUG - helper 20476 Asked to redirect(302) to: https://qt.mirror.constant.com/online/qtsdkrepository/windows_x86/desktop/qt6_683/qt6_683/qt.qt6.683.win64_msvc2022_64/6.8.3-0-202503201308qttools-Windows-Windows_11_23H2-MSVC2022-Windows-Windows_11_23H2-X86_64.7z
2026-02-28 17:33:07,939 - aqt.helper - INFO - helper 20476 Redirected: qt.mirror.constant.com
2026-02-28 17:33:12,203 - aqt.installer - INFO - installer 20476 Finished installation of qttools-Windows-Windows_11_23H2-MSVC2022-Windows-Windows_11_23H2-X86_64.7z in 6.29703120
2026-02-28 17:33:12,232 - aqt.helper - DEBUG - helper 20476 Attempt to download checksum at https://download.qt.io/online/qtsdkrepository/windows_x86/desktop/qt6_683/qt6_683/qt.qt6.683.win64_msvc2022_64/6.8.3-0-202503201308qttranslations-Windows-Windows_11_23H2-MSVC2022-Windows-Windows_11_23H2-X86_64.7z.sha256
2026-02-28 17:33:13,169 - aqt.installer - INFO - installer 23496 Finished installation of qtmultimedia-Windows-Windows_11_23H2-MSVC2022-Windows-Windows_11_23H2-X86_64.7z in 10.22660660
2026-02-28 17:33:13,195 - aqt.helper - DEBUG - helper 23496 Attempt to download checksum at https://download.qt.io/online/qtsdkrepository/windows_x86/desktop/qt6_683/qt6_683/qt.qt6.683.win64_msvc2022_64/6.8.3-0-202503201308d3dcompiler_47-x64.7z.sha256
2026-02-28 17:33:13,392 - aqt.helper - INFO - helper 20476 Downloading qttranslations...
2026-02-28 17:33:13,392 - aqt.installer - DEBUG - installer 20476 Download URL: https://download.qt.io/online/qtsdkrepository/windows_x86/desktop/qt6_683/qt6_683/qt.qt6.683.win64_msvc2022_64/6.8.3-0-202503201308qttranslations-Windows-Windows_11_23H2-MSVC2022-Windows-Windows_11_23H2-X86_64.7z
2026-02-28 17:33:13,744 - aqt.installer - INFO - installer 9912 Finished installation of qtbase-Windows-Windows_11_23H2-MSVC2022-Windows-Windows_11_23H2-X86_64.7z in 10.80157600
2026-02-28 17:33:13,765 - aqt.helper - DEBUG - helper 9912 Attempt to download checksum at https://download.qt.io/online/qtsdkrepository/windows_x86/desktop/qt6_683/qt6_683/qt.qt6.683.win64_msvc2022_64/6.8.3-0-202503201308opengl32sw-64-mesa_11_2_2-signed_sha256.7z.sha256
2026-02-28 17:33:14,143 - aqt.helper - INFO - helper 23496 Downloading d3dcompiler_47...
2026-02-28 17:33:14,143 - aqt.installer - DEBUG - installer 23496 Download URL: https://download.qt.io/online/qtsdkrepository/windows_x86/desktop/qt6_683/qt6_683/qt.qt6.683.win64_msvc2022_64/6.8.3-0-202503201308d3dcompiler_47-x64.7z
2026-02-28 17:33:14,323 - aqt.helper - DEBUG - helper 20476 Asked to redirect(302) to: https://qt.mirror.constant.com/online/qtsdkrepository/windows_x86/desktop/qt6_683/qt6_683/qt.qt6.683.win64_msvc2022_64/6.8.3-0-202503201308qttranslations-Windows-Windows_11_23H2-MSVC2022-Windows-Windows_11_23H2-X86_64.7z
2026-02-28 17:33:14,323 - aqt.helper - INFO - helper 20476 Redirected: qt.mirror.constant.com
2026-02-28 17:33:14,647 - aqt.helper - INFO - helper 9912 Downloading opengl32sw...
2026-02-28 17:33:14,647 - aqt.installer - DEBUG - installer 9912 Download URL: https://download.qt.io/online/qtsdkrepository/windows_x86/desktop/qt6_683/qt6_683/qt.qt6.683.win64_msvc2022_64/6.8.3-0-202503201308opengl32sw-64-mesa_11_2_2-signed_sha256.7z
2026-02-28 17:33:15,067 - aqt.helper - DEBUG - helper 23496 Asked to redirect(302) to: https://qt.mirror.constant.com/online/qtsdkrepository/windows_x86/desktop/qt6_683/qt6_683/qt.qt6.683.win64_msvc2022_64/6.8.3-0-202503201308d3dcompiler_47-x64.7z
2026-02-28 17:33:15,068 - aqt.helper - INFO - helper 23496 Redirected: qt.mirror.constant.com
2026-02-28 17:33:15,544 - aqt.helper - DEBUG - helper 9912 Asked to redirect(302) to: https://qt.mirror.constant.com/online/qtsdkrepository/windows_x86/desktop/qt6_683/qt6_683/qt.qt6.683.win64_msvc2022_64/6.8.3-0-202503201308opengl32sw-64-mesa_11_2_2-signed_sha256.7z
2026-02-28 17:33:15,545 - aqt.helper - INFO - helper 9912 Redirected: qt.mirror.constant.com
2026-02-28 17:33:15,665 - aqt.installer - INFO - installer 20476 Finished installation of qttranslations-Windows-Windows_11_23H2-MSVC2022-Windows-Windows_11_23H2-X86_64.7z in 3.43594830
2026-02-28 17:33:16,126 - aqt.installer - INFO - installer 23496 Finished installation of d3dcompiler_47-x64.7z in 2.93360000
2026-02-28 17:33:16,977 - aqt.installer - INFO - installer 9912 Finished installation of opengl32sw-64-mesa_11_2_2-signed_sha256.7z in 3.21380320
2026-02-28 17:33:29,478 - aqt.installer - INFO - installer 15316 Finished installation of qtdeclarative-Windows-Windows_11_23H2-MSVC2022-Windows-Windows_11_23H2-X86_64.7z in 26.52249500
2026-02-28 17:33:29,738 - aqt.updater - INFO - updater 24976 Patching C:\Qt\6.8.3\msvc2022_64\bin\qmake.exe
2026-02-28 17:33:29,742 - aqt.updater - INFO - updater 24976 Patching C:\Qt\6.8.3\msvc2022_64\lib\Qt6Concurrent.prl
2026-02-28 17:33:29,750 - aqt.updater - INFO - updater 24976 Patching C:\Qt\6.8.3\msvc2022_64\lib\Qt6Concurrentd.prl
2026-02-28 17:33:29,752 - aqt.updater - INFO - updater 24976 Patching C:\Qt\6.8.3\msvc2022_64\lib\Qt6Core.prl
2026-02-28 17:33:29,753 - aqt.updater - INFO - updater 24976 Patching C:\Qt\6.8.3\msvc2022_64\lib\Qt6Cored.prl
2026-02-28 17:33:29,755 - aqt.updater - INFO - updater 24976 Patching C:\Qt\6.8.3\msvc2022_64\lib\Qt6DBus.prl
2026-02-28 17:33:29,757 - aqt.updater - INFO - updater 24976 Patching C:\Qt\6.8.3\msvc2022_64\lib\Qt6DBusd.prl
2026-02-28 17:33:29,759 - aqt.updater - INFO - updater 24976 Patching C:\Qt\6.8.3\msvc2022_64\lib\Qt6Designer.prl
2026-02-28 17:33:29,760 - aqt.updater - INFO - updater 24976 Patching C:\Qt\6.8.3\msvc2022_64\lib\Qt6DesignerComponents.prl
2026-02-28 17:33:29,761 - aqt.updater - INFO - updater 24976 Patching C:\Qt\6.8.3\msvc2022_64\lib\Qt6DesignerComponentsd.prl
2026-02-28 17:33:29,763 - aqt.updater - INFO - updater 24976 Patching C:\Qt\6.8.3\msvc2022_64\lib\Qt6Designerd.prl
2026-02-28 17:33:29,764 - aqt.updater - INFO - updater 24976 Patching C:\Qt\6.8.3\msvc2022_64\lib\Qt6DeviceDiscoverySupport.prl
2026-02-28 17:33:29,765 - aqt.updater - INFO - updater 24976 Patching C:\Qt\6.8.3\msvc2022_64\lib\Qt6DeviceDiscoverySupportd.prl
2026-02-28 17:33:29,766 - aqt.updater - INFO - updater 24976 Patching C:\Qt\6.8.3\msvc2022_64\lib\Qt6EntryPoint.prl
2026-02-28 17:33:29,767 - aqt.updater - INFO - updater 24976 Patching C:\Qt\6.8.3\msvc2022_64\lib\Qt6EntryPointd.prl
2026-02-28 17:33:29,769 - aqt.updater - INFO - updater 24976 Patching C:\Qt\6.8.3\msvc2022_64\lib\Qt6ExampleIcons.prl
2026-02-28 17:33:29,771 - aqt.updater - INFO - updater 24976 Patching C:\Qt\6.8.3\msvc2022_64\lib\Qt6ExampleIconsd.prl
2026-02-28 17:33:29,778 - aqt.updater - INFO - updater 24976 Patching C:\Qt\6.8.3\msvc2022_64\lib\Qt6ExamplesAssetDownloader.prl
2026-02-28 17:33:29,785 - aqt.updater - INFO - updater 24976 Patching C:\Qt\6.8.3\msvc2022_64\lib\Qt6ExamplesAssetDownloaderd.prl
2026-02-28 17:33:29,793 - aqt.updater - INFO - updater 24976 Patching C:\Qt\6.8.3\msvc2022_64\lib\Qt6FbSupport.prl
2026-02-28 17:33:29,794 - aqt.updater - INFO - updater 24976 Patching C:\Qt\6.8.3\msvc2022_64\lib\Qt6FbSupportd.prl
2026-02-28 17:33:29,795 - aqt.updater - INFO - updater 24976 Patching C:\Qt\6.8.3\msvc2022_64\lib\Qt6FFmpegMediaPluginImpl.prl
2026-02-28 17:33:29,804 - aqt.updater - INFO - updater 24976 Patching C:\Qt\6.8.3\msvc2022_64\lib\Qt6FFmpegMediaPluginImpld.prl
2026-02-28 17:33:29,812 - aqt.updater - INFO - updater 24976 Patching C:\Qt\6.8.3\msvc2022_64\lib\Qt6Gui.prl
2026-02-28 17:33:29,814 - aqt.updater - INFO - updater 24976 Patching C:\Qt\6.8.3\msvc2022_64\lib\Qt6Guid.prl
2026-02-28 17:33:29,821 - aqt.updater - INFO - updater 24976 Patching C:\Qt\6.8.3\msvc2022_64\lib\Qt6Help.prl
2026-02-28 17:33:29,822 - aqt.updater - INFO - updater 24976 Patching C:\Qt\6.8.3\msvc2022_64\lib\Qt6Helpd.prl
2026-02-28 17:33:29,824 - aqt.updater - INFO - updater 24976 Patching C:\Qt\6.8.3\msvc2022_64\lib\Qt6LabsAnimation.prl
2026-02-28 17:33:29,830 - aqt.updater - INFO - updater 24976 Patching C:\Qt\6.8.3\msvc2022_64\lib\Qt6LabsAnimationd.prl
2026-02-28 17:33:29,832 - aqt.updater - INFO - updater 24976 Patching C:\Qt\6.8.3\msvc2022_64\lib\Qt6LabsFolderListModel.prl
2026-02-28 17:33:29,833 - aqt.updater - INFO - updater 24976 Patching C:\Qt\6.8.3\msvc2022_64\lib\Qt6LabsFolderListModeld.prl
2026-02-28 17:33:29,835 - aqt.updater - INFO - updater 24976 Patching C:\Qt\6.8.3\msvc2022_64\lib\Qt6LabsPlatform.prl
2026-02-28 17:33:29,836 - aqt.updater - INFO - updater 24976 Patching C:\Qt\6.8.3\msvc2022_64\lib\Qt6LabsPlatformd.prl
2026-02-28 17:33:29,838 - aqt.updater - INFO - updater 24976 Patching C:\Qt\6.8.3\msvc2022_64\lib\Qt6LabsQmlModels.prl
2026-02-28 17:33:29,839 - aqt.updater - INFO - updater 24976 Patching C:\Qt\6.8.3\msvc2022_64\lib\Qt6LabsQmlModelsd.prl
2026-02-28 17:33:29,841 - aqt.updater - INFO - updater 24976 Patching C:\Qt\6.8.3\msvc2022_64\lib\Qt6LabsSettings.prl
2026-02-28 17:33:29,848 - aqt.updater - INFO - updater 24976 Patching C:\Qt\6.8.3\msvc2022_64\lib\Qt6LabsSettingsd.prl
2026-02-28 17:33:29,849 - aqt.updater - INFO - updater 24976 Patching C:\Qt\6.8.3\msvc2022_64\lib\Qt6LabsSharedImage.prl
2026-02-28 17:33:29,850 - aqt.updater - INFO - updater 24976 Patching C:\Qt\6.8.3\msvc2022_64\lib\Qt6LabsSharedImaged.prl
2026-02-28 17:33:29,859 - aqt.updater - INFO - updater 24976 Patching C:\Qt\6.8.3\msvc2022_64\lib\Qt6LabsWavefrontMesh.prl
2026-02-28 17:33:29,860 - aqt.updater - INFO - updater 24976 Patching C:\Qt\6.8.3\msvc2022_64\lib\Qt6LabsWavefrontMeshd.prl
2026-02-28 17:33:29,862 - aqt.updater - INFO - updater 24976 Patching C:\Qt\6.8.3\msvc2022_64\lib\Qt6Multimedia.prl
2026-02-28 17:33:29,870 - aqt.updater - INFO - updater 24976 Patching C:\Qt\6.8.3\msvc2022_64\lib\Qt6Multimediad.prl
2026-02-28 17:33:29,879 - aqt.updater - INFO - updater 24976 Patching C:\Qt\6.8.3\msvc2022_64\lib\Qt6MultimediaQuick.prl
2026-02-28 17:33:29,887 - aqt.updater - INFO - updater 24976 Patching C:\Qt\6.8.3\msvc2022_64\lib\Qt6MultimediaQuickd.prl
2026-02-28 17:33:29,896 - aqt.updater - INFO - updater 24976 Patching C:\Qt\6.8.3\msvc2022_64\lib\Qt6MultimediaTestLib.prl
2026-02-28 17:33:29,902 - aqt.updater - INFO - updater 24976 Patching C:\Qt\6.8.3\msvc2022_64\lib\Qt6MultimediaTestLibd.prl
2026-02-28 17:33:29,911 - aqt.updater - INFO - updater 24976 Patching C:\Qt\6.8.3\msvc2022_64\lib\Qt6MultimediaWidgets.prl
2026-02-28 17:33:29,918 - aqt.updater - INFO - updater 24976 Patching C:\Qt\6.8.3\msvc2022_64\lib\Qt6MultimediaWidgetsd.prl
2026-02-28 17:33:29,926 - aqt.updater - INFO - updater 24976 Patching C:\Qt\6.8.3\msvc2022_64\lib\Qt6Network.prl
2026-02-28 17:33:29,928 - aqt.updater - INFO - updater 24976 Patching C:\Qt\6.8.3\msvc2022_64\lib\Qt6Networkd.prl
2026-02-28 17:33:29,929 - aqt.updater - INFO - updater 24976 Patching C:\Qt\6.8.3\msvc2022_64\lib\Qt6OpenGL.prl
2026-02-28 17:33:29,931 - aqt.updater - INFO - updater 24976 Patching C:\Qt\6.8.3\msvc2022_64\lib\Qt6OpenGLd.prl
2026-02-28 17:33:29,932 - aqt.updater - INFO - updater 24976 Patching C:\Qt\6.8.3\msvc2022_64\lib\Qt6OpenGLWidgets.prl
2026-02-28 17:33:29,941 - aqt.updater - INFO - updater 24976 Patching C:\Qt\6.8.3\msvc2022_64\lib\Qt6OpenGLWidgetsd.prl
2026-02-28 17:33:29,949 - aqt.updater - INFO - updater 24976 Patching C:\Qt\6.8.3\msvc2022_64\lib\Qt6PacketProtocol.prl
2026-02-28 17:33:29,951 - aqt.updater - INFO - updater 24976 Patching C:\Qt\6.8.3\msvc2022_64\lib\Qt6PacketProtocold.prl
2026-02-28 17:33:29,960 - aqt.updater - INFO - updater 24976 Patching C:\Qt\6.8.3\msvc2022_64\lib\Qt6PrintSupport.prl
2026-02-28 17:33:29,962 - aqt.updater - INFO - updater 24976 Patching C:\Qt\6.8.3\msvc2022_64\lib\Qt6PrintSupportd.prl
2026-02-28 17:33:29,963 - aqt.updater - INFO - updater 24976 Patching C:\Qt\6.8.3\msvc2022_64\lib\Qt6Qml.prl
2026-02-28 17:33:29,965 - aqt.updater - INFO - updater 24976 Patching C:\Qt\6.8.3\msvc2022_64\lib\Qt6QmlAssetDownloader.prl
2026-02-28 17:33:29,966 - aqt.updater - INFO - updater 24976 Patching C:\Qt\6.8.3\msvc2022_64\lib\Qt6QmlAssetDownloaderd.prl
2026-02-28 17:33:29,967 - aqt.updater - INFO - updater 24976 Patching C:\Qt\6.8.3\msvc2022_64\lib\Qt6QmlCompiler.prl
2026-02-28 17:33:29,969 - aqt.updater - INFO - updater 24976 Patching C:\Qt\6.8.3\msvc2022_64\lib\Qt6QmlCompilerd.prl
2026-02-28 17:33:29,970 - aqt.updater - INFO - updater 24976 Patching C:\Qt\6.8.3\msvc2022_64\lib\Qt6QmlCore.prl
2026-02-28 17:33:29,972 - aqt.updater - INFO - updater 24976 Patching C:\Qt\6.8.3\msvc2022_64\lib\Qt6QmlCored.prl
2026-02-28 17:33:29,974 - aqt.updater - INFO - updater 24976 Patching C:\Qt\6.8.3\msvc2022_64\lib\Qt6Qmld.prl
2026-02-28 17:33:29,981 - aqt.updater - INFO - updater 24976 Patching C:\Qt\6.8.3\msvc2022_64\lib\Qt6QmlDebug.prl
2026-02-28 17:33:29,983 - aqt.updater - INFO - updater 24976 Patching C:\Qt\6.8.3\msvc2022_64\lib\Qt6QmlDebugd.prl
2026-02-28 17:33:29,985 - aqt.updater - INFO - updater 24976 Patching C:\Qt\6.8.3\msvc2022_64\lib\Qt6QmlDom.prl
2026-02-28 17:33:29,986 - aqt.updater - INFO - updater 24976 Patching C:\Qt\6.8.3\msvc2022_64\lib\Qt6QmlDomd.prl
2026-02-28 17:33:29,995 - aqt.updater - INFO - updater 24976 Patching C:\Qt\6.8.3\msvc2022_64\lib\Qt6QmlLocalStorage.prl
2026-02-28 17:33:29,996 - aqt.updater - INFO - updater 24976 Patching C:\Qt\6.8.3\msvc2022_64\lib\Qt6QmlLocalStoraged.prl
2026-02-28 17:33:29,998 - aqt.updater - INFO - updater 24976 Patching C:\Qt\6.8.3\msvc2022_64\lib\Qt6QmlLS.prl
2026-02-28 17:33:30,009 - aqt.updater - INFO - updater 24976 Patching C:\Qt\6.8.3\msvc2022_64\lib\Qt6QmlLSd.prl
2026-02-28 17:33:30,011 - aqt.updater - INFO - updater 24976 Patching C:\Qt\6.8.3\msvc2022_64\lib\Qt6QmlMeta.prl
2026-02-28 17:33:30,012 - aqt.updater - INFO - updater 24976 Patching C:\Qt\6.8.3\msvc2022_64\lib\Qt6QmlMetad.prl
2026-02-28 17:33:30,014 - aqt.updater - INFO - updater 24976 Patching C:\Qt\6.8.3\msvc2022_64\lib\Qt6QmlModels.prl
2026-02-28 17:33:30,016 - aqt.updater - INFO - updater 24976 Patching C:\Qt\6.8.3\msvc2022_64\lib\Qt6QmlModelsd.prl
2026-02-28 17:33:30,018 - aqt.updater - INFO - updater 24976 Patching C:\Qt\6.8.3\msvc2022_64\lib\Qt6QmlNetwork.prl
2026-02-28 17:33:30,019 - aqt.updater - INFO - updater 24976 Patching C:\Qt\6.8.3\msvc2022_64\lib\Qt6QmlNetworkd.prl
2026-02-28 17:33:30,027 - aqt.updater - INFO - updater 24976 Patching C:\Qt\6.8.3\msvc2022_64\lib\Qt6QmlToolingSettings.prl
2026-02-28 17:33:30,029 - aqt.updater - INFO - updater 24976 Patching C:\Qt\6.8.3\msvc2022_64\lib\Qt6QmlToolingSettingsd.prl
2026-02-28 17:33:30,030 - aqt.updater - INFO - updater 24976 Patching C:\Qt\6.8.3\msvc2022_64\lib\Qt6QmlTypeRegistrar.prl
2026-02-28 17:33:30,031 - aqt.updater - INFO - updater 24976 Patching C:\Qt\6.8.3\msvc2022_64\lib\Qt6QmlTypeRegistrard.prl
2026-02-28 17:33:30,033 - aqt.updater - INFO - updater 24976 Patching C:\Qt\6.8.3\msvc2022_64\lib\Qt6QmlWorkerScript.prl
2026-02-28 17:33:30,034 - aqt.updater - INFO - updater 24976 Patching C:\Qt\6.8.3\msvc2022_64\lib\Qt6QmlWorkerScriptd.prl
2026-02-28 17:33:30,035 - aqt.updater - INFO - updater 24976 Patching C:\Qt\6.8.3\msvc2022_64\lib\Qt6QmlXmlListModel.prl
2026-02-28 17:33:30,036 - aqt.updater - INFO - updater 24976 Patching C:\Qt\6.8.3\msvc2022_64\lib\Qt6QmlXmlListModeld.prl
2026-02-28 17:33:30,038 - aqt.updater - INFO - updater 24976 Patching C:\Qt\6.8.3\msvc2022_64\lib\Qt6Quick.prl
2026-02-28 17:33:30,040 - aqt.updater - INFO - updater 24976 Patching C:\Qt\6.8.3\msvc2022_64\lib\Qt6Quick3DSpatialAudio.prl
2026-02-28 17:33:30,047 - aqt.updater - INFO - updater 24976 Patching C:\Qt\6.8.3\msvc2022_64\lib\Qt6Quick3DSpatialAudiod.prl
2026-02-28 17:33:30,057 - aqt.updater - INFO - updater 24976 Patching C:\Qt\6.8.3\msvc2022_64\lib\Qt6QuickControls2.prl
2026-02-28 17:33:30,059 - aqt.updater - INFO - updater 24976 Patching C:\Qt\6.8.3\msvc2022_64\lib\Qt6QuickControls2Basic.prl
2026-02-28 17:33:30,060 - aqt.updater - INFO - updater 24976 Patching C:\Qt\6.8.3\msvc2022_64\lib\Qt6QuickControls2Basicd.prl
2026-02-28 17:33:30,067 - aqt.updater - INFO - updater 24976 Patching C:\Qt\6.8.3\msvc2022_64\lib\Qt6QuickControls2BasicStyleImpl.prl
2026-02-28 17:33:30,069 - aqt.updater - INFO - updater 24976 Patching C:\Qt\6.8.3\msvc2022_64\lib\Qt6QuickControls2BasicStyleImpld.prl
2026-02-28 17:33:30,070 - aqt.updater - INFO - updater 24976 Patching C:\Qt\6.8.3\msvc2022_64\lib\Qt6QuickControls2d.prl
2026-02-28 17:33:30,072 - aqt.updater - INFO - updater 24976 Patching C:\Qt\6.8.3\msvc2022_64\lib\Qt6QuickControls2FluentWinUI3StyleImpl.prl
2026-02-28 17:33:30,074 - aqt.updater - INFO - updater 24976 Patching C:\Qt\6.8.3\msvc2022_64\lib\Qt6QuickControls2FluentWinUI3StyleImpld.prl
2026-02-28 17:33:30,075 - aqt.updater - INFO - updater 24976 Patching C:\Qt\6.8.3\msvc2022_64\lib\Qt6QuickControls2Fusion.prl
2026-02-28 17:33:30,076 - aqt.updater - INFO - updater 24976 Patching C:\Qt\6.8.3\msvc2022_64\lib\Qt6QuickControls2Fusiond.prl
2026-02-28 17:33:30,078 - aqt.updater - INFO - updater 24976 Patching C:\Qt\6.8.3\msvc2022_64\lib\Qt6QuickControls2FusionStyleImpl.prl
2026-02-28 17:33:30,079 - aqt.updater - INFO - updater 24976 Patching C:\Qt\6.8.3\msvc2022_64\lib\Qt6QuickControls2FusionStyleImpld.prl
2026-02-28 17:33:30,080 - aqt.updater - INFO - updater 24976 Patching C:\Qt\6.8.3\msvc2022_64\lib\Qt6QuickControls2Imagine.prl
2026-02-28 17:33:30,088 - aqt.updater - INFO - updater 24976 Patching C:\Qt\6.8.3\msvc2022_64\lib\Qt6QuickControls2Imagined.prl
2026-02-28 17:33:30,090 - aqt.updater - INFO - updater 24976 Patching C:\Qt\6.8.3\msvc2022_64\lib\Qt6QuickControls2ImagineStyleImpl.prl
2026-02-28 17:33:30,091 - aqt.updater - INFO - updater 24976 Patching C:\Qt\6.8.3\msvc2022_64\lib\Qt6QuickControls2ImagineStyleImpld.prl
2026-02-28 17:33:30,093 - aqt.updater - INFO - updater 24976 Patching C:\Qt\6.8.3\msvc2022_64\lib\Qt6QuickControls2Impl.prl
2026-02-28 17:33:30,094 - aqt.updater - INFO - updater 24976 Patching C:\Qt\6.8.3\msvc2022_64\lib\Qt6QuickControls2Impld.prl
2026-02-28 17:33:30,095 - aqt.updater - INFO - updater 24976 Patching C:\Qt\6.8.3\msvc2022_64\lib\Qt6QuickControls2Material.prl
2026-02-28 17:33:30,103 - aqt.updater - INFO - updater 24976 Patching C:\Qt\6.8.3\msvc2022_64\lib\Qt6QuickControls2Materiald.prl
2026-02-28 17:33:30,112 - aqt.updater - INFO - updater 24976 Patching C:\Qt\6.8.3\msvc2022_64\lib\Qt6QuickControls2MaterialStyleImpl.prl
2026-02-28 17:33:30,113 - aqt.updater - INFO - updater 24976 Patching C:\Qt\6.8.3\msvc2022_64\lib\Qt6QuickControls2MaterialStyleImpld.prl
2026-02-28 17:33:30,115 - aqt.updater - INFO - updater 24976 Patching C:\Qt\6.8.3\msvc2022_64\lib\Qt6QuickControls2Universal.prl
2026-02-28 17:33:30,116 - aqt.updater - INFO - updater 24976 Patching C:\Qt\6.8.3\msvc2022_64\lib\Qt6QuickControls2Universald.prl
2026-02-28 17:33:30,118 - aqt.updater - INFO - updater 24976 Patching C:\Qt\6.8.3\msvc2022_64\lib\Qt6QuickControls2UniversalStyleImpl.prl
2026-02-28 17:33:30,119 - aqt.updater - INFO - updater 24976 Patching C:\Qt\6.8.3\msvc2022_64\lib\Qt6QuickControls2UniversalStyleImpld.prl
2026-02-28 17:33:30,121 - aqt.updater - INFO - updater 24976 Patching C:\Qt\6.8.3\msvc2022_64\lib\Qt6QuickControls2WindowsStyleImpl.prl
2026-02-28 17:33:30,123 - aqt.updater - INFO - updater 24976 Patching C:\Qt\6.8.3\msvc2022_64\lib\Qt6QuickControls2WindowsStyleImpld.prl
2026-02-28 17:33:30,125 - aqt.updater - INFO - updater 24976 Patching C:\Qt\6.8.3\msvc2022_64\lib\Qt6QuickControlsTestUtils.prl
2026-02-28 17:33:30,126 - aqt.updater - INFO - updater 24976 Patching C:\Qt\6.8.3\msvc2022_64\lib\Qt6QuickControlsTestUtilsd.prl
2026-02-28 17:33:30,134 - aqt.updater - INFO - updater 24976 Patching C:\Qt\6.8.3\msvc2022_64\lib\Qt6Quickd.prl
2026-02-28 17:33:30,136 - aqt.updater - INFO - updater 24976 Patching C:\Qt\6.8.3\msvc2022_64\lib\Qt6QuickDialogs2.prl
2026-02-28 17:33:30,138 - aqt.updater - INFO - updater 24976 Patching C:\Qt\6.8.3\msvc2022_64\lib\Qt6QuickDialogs2d.prl
2026-02-28 17:33:30,139 - aqt.updater - INFO - updater 24976 Patching C:\Qt\6.8.3\msvc2022_64\lib\Qt6QuickDialogs2QuickImpl.prl
2026-02-28 17:33:30,141 - aqt.updater - INFO - updater 24976 Patching C:\Qt\6.8.3\msvc2022_64\lib\Qt6QuickDialogs2QuickImpld.prl
2026-02-28 17:33:30,142 - aqt.updater - INFO - updater 24976 Patching C:\Qt\6.8.3\msvc2022_64\lib\Qt6QuickDialogs2Utils.prl
2026-02-28 17:33:30,143 - aqt.updater - INFO - updater 24976 Patching C:\Qt\6.8.3\msvc2022_64\lib\Qt6QuickDialogs2Utilsd.prl
2026-02-28 17:33:30,144 - aqt.updater - INFO - updater 24976 Patching C:\Qt\6.8.3\msvc2022_64\lib\Qt6QuickEffects.prl
2026-02-28 17:33:30,146 - aqt.updater - INFO - updater 24976 Patching C:\Qt\6.8.3\msvc2022_64\lib\Qt6QuickEffectsd.prl
2026-02-28 17:33:30,155 - aqt.updater - INFO - updater 24976 Patching C:\Qt\6.8.3\msvc2022_64\lib\Qt6QuickLayouts.prl
2026-02-28 17:33:30,157 - aqt.updater - INFO - updater 24976 Patching C:\Qt\6.8.3\msvc2022_64\lib\Qt6QuickLayoutsd.prl
2026-02-28 17:33:30,164 - aqt.updater - INFO - updater 24976 Patching C:\Qt\6.8.3\msvc2022_64\lib\Qt6QuickParticles.prl
2026-02-28 17:33:30,166 - aqt.updater - INFO - updater 24976 Patching C:\Qt\6.8.3\msvc2022_64\lib\Qt6QuickParticlesd.prl
2026-02-28 17:33:30,167 - aqt.updater - INFO - updater 24976 Patching C:\Qt\6.8.3\msvc2022_64\lib\Qt6QuickShapes.prl
2026-02-28 17:33:30,169 - aqt.updater - INFO - updater 24976 Patching C:\Qt\6.8.3\msvc2022_64\lib\Qt6QuickShapesd.prl
2026-02-28 17:33:30,170 - aqt.updater - INFO - updater 24976 Patching C:\Qt\6.8.3\msvc2022_64\lib\Qt6QuickTemplates2.prl
2026-02-28 17:33:30,172 - aqt.updater - INFO - updater 24976 Patching C:\Qt\6.8.3\msvc2022_64\lib\Qt6QuickTemplates2d.prl
2026-02-28 17:33:30,173 - aqt.updater - INFO - updater 24976 Patching C:\Qt\6.8.3\msvc2022_64\lib\Qt6QuickTest.prl
2026-02-28 17:33:30,175 - aqt.updater - INFO - updater 24976 Patching C:\Qt\6.8.3\msvc2022_64\lib\Qt6QuickTestd.prl
2026-02-28 17:33:30,176 - aqt.updater - INFO - updater 24976 Patching C:\Qt\6.8.3\msvc2022_64\lib\Qt6QuickTestUtils.prl
2026-02-28 17:33:30,186 - aqt.updater - INFO - updater 24976 Patching C:\Qt\6.8.3\msvc2022_64\lib\Qt6QuickTestUtilsd.prl
2026-02-28 17:33:30,188 - aqt.updater - INFO - updater 24976 Patching C:\Qt\6.8.3\msvc2022_64\lib\Qt6QuickVectorImage.prl
2026-02-28 17:33:30,190 - aqt.updater - INFO - updater 24976 Patching C:\Qt\6.8.3\msvc2022_64\lib\Qt6QuickVectorImaged.prl
2026-02-28 17:33:30,191 - aqt.updater - INFO - updater 24976 Patching C:\Qt\6.8.3\msvc2022_64\lib\Qt6QuickVectorImageGenerator.prl
2026-02-28 17:33:30,193 - aqt.updater - INFO - updater 24976 Patching C:\Qt\6.8.3\msvc2022_64\lib\Qt6QuickVectorImageGeneratord.prl
2026-02-28 17:33:30,194 - aqt.updater - INFO - updater 24976 Patching C:\Qt\6.8.3\msvc2022_64\lib\Qt6QuickWidgets.prl
2026-02-28 17:33:30,195 - aqt.updater - INFO - updater 24976 Patching C:\Qt\6.8.3\msvc2022_64\lib\Qt6QuickWidgetsd.prl
2026-02-28 17:33:30,197 - aqt.updater - INFO - updater 24976 Patching C:\Qt\6.8.3\msvc2022_64\lib\Qt6SpatialAudio.prl
2026-02-28 17:33:30,206 - aqt.updater - INFO - updater 24976 Patching C:\Qt\6.8.3\msvc2022_64\lib\Qt6SpatialAudiod.prl
2026-02-28 17:33:30,213 - aqt.updater - INFO - updater 24976 Patching C:\Qt\6.8.3\msvc2022_64\lib\Qt6Sql.prl
2026-02-28 17:33:30,214 - aqt.updater - INFO - updater 24976 Patching C:\Qt\6.8.3\msvc2022_64\lib\Qt6Sqld.prl
2026-02-28 17:33:30,215 - aqt.updater - INFO - updater 24976 Patching C:\Qt\6.8.3\msvc2022_64\lib\Qt6Svg.prl
2026-02-28 17:33:30,217 - aqt.updater - INFO - updater 24976 Patching C:\Qt\6.8.3\msvc2022_64\lib\Qt6Svgd.prl
2026-02-28 17:33:30,218 - aqt.updater - INFO - updater 24976 Patching C:\Qt\6.8.3\msvc2022_64\lib\Qt6SvgWidgets.prl
2026-02-28 17:33:30,219 - aqt.updater - INFO - updater 24976 Patching C:\Qt\6.8.3\msvc2022_64\lib\Qt6SvgWidgetsd.prl
2026-02-28 17:33:30,221 - aqt.updater - INFO - updater 24976 Patching C:\Qt\6.8.3\msvc2022_64\lib\Qt6Test.prl
2026-02-28 17:33:30,223 - aqt.updater - INFO - updater 24976 Patching C:\Qt\6.8.3\msvc2022_64\lib\Qt6Testd.prl
2026-02-28 17:33:30,224 - aqt.updater - INFO - updater 24976 Patching C:\Qt\6.8.3\msvc2022_64\lib\Qt6UiTools.prl
2026-02-28 17:33:30,225 - aqt.updater - INFO - updater 24976 Patching C:\Qt\6.8.3\msvc2022_64\lib\Qt6UiToolsd.prl
2026-02-28 17:33:30,226 - aqt.updater - INFO - updater 24976 Patching C:\Qt\6.8.3\msvc2022_64\lib\Qt6Widgets.prl
2026-02-28 17:33:30,235 - aqt.updater - INFO - updater 24976 Patching C:\Qt\6.8.3\msvc2022_64\lib\Qt6Widgetsd.prl
2026-02-28 17:33:30,244 - aqt.updater - INFO - updater 24976 Patching C:\Qt\6.8.3\msvc2022_64\lib\Qt6Xml.prl
2026-02-28 17:33:30,246 - aqt.updater - INFO - updater 24976 Patching C:\Qt\6.8.3\msvc2022_64\lib\Qt6Xmld.prl
2026-02-28 17:33:30,247 - aqt.main - INFO - installer 24976 Finished installation
2026-02-28 17:33:30,247 - aqt.main - INFO - installer 24976 Time elapsed: 33.46044810 second
